<?xml version="1.0" encoding="UTF-8"?>
<!-- Generated by org.testng.reporters.JUnitReportReporter -->
<testsuite hostname="XE-GGN-IT-02669" failures="0" tests="2" name="qa.BDO_Web_Test.APITestCasetoUnlock" time="1.339" errors="0" timestamp="2022-12-21T16:55:11 IST" skipped="0">
  <testcase classname="qa.BDO_Web_Test.APITestCasetoUnlock" name="APITesttoGenerateAccessToken" time="0.778"/>
  <system-out/>
  <testcase classname="qa.BDO_Web_Test.APITestCasetoUnlock" name="APITesttoUnlockUser" time="0.561"/>
  <system-out/>
</testsuite> <!-- qa.BDO_Web_Test.APITestCasetoUnlock -->
