<?xml version="1.0" encoding="UTF-8"?>
<!-- Generated by org.testng.reporters.JUnitReportReporter -->
<testsuite hostname="XE-GGN-IT-02669" failures="0" tests="1" name="qa.BDO_Web_Test.HomePage" time="4.740" errors="1" timestamp="2022-12-10T22:22:46 IST" skipped="0">
  <testcase classname="qa.BDO_Web_Test.HomePage" name="ValidateHomePageElements" time="4.740">
    <error message="Error {
  message=&#039;Unexpected token &quot;=&quot; while parsing selector &quot;input text=Need help logging in?&quot;
  name=&#039;Error
  stack=&#039;Error: Unexpected token &quot;=&quot; while parsing selector &quot;input text=Need help logging in?&quot;
    at unexpected (/private/var/folders/70/x874lf6n7cx_4tkvkkcwsmhh0000gr/T/playwright-java-6689739924242145664/package/lib/server/isomorphic/cssParser.js:62:12)
    at consumeSimpleSelector (/private/var/folders/70/x874lf6n7cx_4tkvkkcwsmhh0000gr/T/playwright-java-6689739924242145664/package/lib/server/isomorphic/cssParser.js:196:15)
    at consumeComplexSelector (/private/var/folders/70/x874lf6n7cx_4tkvkkcwsmhh0000gr/T/playwright-java-6689739924242145664/package/lib/server/isomorphic/cssParser.js:142:19)
    at consumeArgument (/private/var/folders/70/x874lf6n7cx_4tkvkkcwsmhh0000gr/T/playwright-java-6689739924242145664/package/lib/server/isomorphic/cssParser.js:108:12)
    at consumeFunctionArguments (/private/var/folders/70/x874lf6n7cx_4tkvkkcwsmhh0000gr/T/playwright-java-6689739924242145664/package/lib/server/isomorphic/cssParser.js:95:21)
    at parseCSS (/private/var/folders/70/x874lf6n7cx_4tkvkkcwsmhh0000gr/T/playwright-java-6689739924242145664/package/lib/server/isomorphic/cssParser.js:210:18)
    at /private/var/folders/70/x874lf6n7cx_4tkvkkcwsmhh0000gr/T/playwright-java-6689739924242145664/package/lib/server/isomorphic/selectorParser.js:50:49
    at Array.map (&lt;anonymous&gt;)
    at parseSelector (/private/var/folders/70/x874lf6n7cx_4tkvkkcwsmhh0000gr/T/playwright-java-6689739924242145664/package/lib/server/isomorphic/selectorParser.js:47:30)
    at splitSelectorByFrame (/private/var/folders/70/x874lf6n7cx_4tkvkkcwsmhh0000gr/T/playwright-java-6689739924242145664/package/lib/server/isomorphic/selectorParser.js:94:20)
}" type="com.microsoft.playwright.PlaywrightException">
      <![CDATA[com.microsoft.playwright.PlaywrightException: Error {
  message='Unexpected token "=" while parsing selector "input text=Need help logging in?"
  name='Error
  stack='Error: Unexpected token "=" while parsing selector "input text=Need help logging in?"
    at unexpected (/private/var/folders/70/x874lf6n7cx_4tkvkkcwsmhh0000gr/T/playwright-java-6689739924242145664/package/lib/server/isomorphic/cssParser.js:62:12)
    at consumeSimpleSelector (/private/var/folders/70/x874lf6n7cx_4tkvkkcwsmhh0000gr/T/playwright-java-6689739924242145664/package/lib/server/isomorphic/cssParser.js:196:15)
    at consumeComplexSelector (/private/var/folders/70/x874lf6n7cx_4tkvkkcwsmhh0000gr/T/playwright-java-6689739924242145664/package/lib/server/isomorphic/cssParser.js:142:19)
    at consumeArgument (/private/var/folders/70/x874lf6n7cx_4tkvkkcwsmhh0000gr/T/playwright-java-6689739924242145664/package/lib/server/isomorphic/cssParser.js:108:12)
    at consumeFunctionArguments (/private/var/folders/70/x874lf6n7cx_4tkvkkcwsmhh0000gr/T/playwright-java-6689739924242145664/package/lib/server/isomorphic/cssParser.js:95:21)
    at parseCSS (/private/var/folders/70/x874lf6n7cx_4tkvkkcwsmhh0000gr/T/playwright-java-6689739924242145664/package/lib/server/isomorphic/cssParser.js:210:18)
    at /private/var/folders/70/x874lf6n7cx_4tkvkkcwsmhh0000gr/T/playwright-java-6689739924242145664/package/lib/server/isomorphic/selectorParser.js:50:49
    at Array.map (<anonymous>)
    at parseSelector (/private/var/folders/70/x874lf6n7cx_4tkvkkcwsmhh0000gr/T/playwright-java-6689739924242145664/package/lib/server/isomorphic/selectorParser.js:47:30)
    at splitSelectorByFrame (/private/var/folders/70/x874lf6n7cx_4tkvkkcwsmhh0000gr/T/playwright-java-6689739924242145664/package/lib/server/isomorphic/selectorParser.js:94:20)
}
at com.microsoft.playwright.impl.WaitableResult.get(WaitableResult.java:54)
at com.microsoft.playwright.impl.ChannelOwner.runUntil(ChannelOwner.java:111)
at com.microsoft.playwright.impl.Connection.sendMessage(Connection.java:119)
at com.microsoft.playwright.impl.ChannelOwner.sendMessage(ChannelOwner.java:102)
at com.microsoft.playwright.impl.FrameImpl.textContentImpl(FrameImpl.java:809)
at com.microsoft.playwright.impl.FrameImpl.lambda$textContent$39(FrameImpl.java:800)
at com.microsoft.playwright.impl.LoggingSupport.withLogging(LoggingSupport.java:47)
at com.microsoft.playwright.impl.ChannelOwner.withLogging(ChannelOwner.java:87)
at com.microsoft.playwright.impl.FrameImpl.textContent(FrameImpl.java:800)
at com.microsoft.playwright.impl.LocatorImpl.textContent(LocatorImpl.java:511)
at com.microsoft.playwright.Locator.textContent(Locator.java:3642)
at qa.BDO_Web.Pages.BDO_HomePage.GetHomePageComponenets(BDO_HomePage.java:57)
at qa.BDO_Web_Test.HomePage.ValidateHomePageElements(HomePage.java:35)
at java.base/jdk.internal.reflect.NativeMethodAccessorImpl.invoke0(Native Method)
at java.base/jdk.internal.reflect.NativeMethodAccessorImpl.invoke(NativeMethodAccessorImpl.java:77)
at java.base/jdk.internal.reflect.DelegatingMethodAccessorImpl.invoke(DelegatingMethodAccessorImpl.java:43)
at java.base/java.lang.reflect.Method.invoke(Method.java:568)
at org.testng.internal.invokers.MethodInvocationHelper.invokeMethod(MethodInvocationHelper.java:139)
at org.testng.internal.invokers.TestInvoker.invokeMethod(TestInvoker.java:677)
at org.testng.internal.invokers.TestInvoker.invokeTestMethod(TestInvoker.java:221)
at org.testng.internal.invokers.MethodRunner.runInSequence(MethodRunner.java:50)
at org.testng.internal.invokers.TestInvoker$MethodInvocationAgent.invoke(TestInvoker.java:962)
at org.testng.internal.invokers.TestInvoker.invokeTestMethods(TestInvoker.java:194)
at org.testng.internal.invokers.TestMethodWorker.invokeTestMethods(TestMethodWorker.java:148)
at org.testng.internal.invokers.TestMethodWorker.run(TestMethodWorker.java:128)
at java.base/java.util.ArrayList.forEach(ArrayList.java:1511)
at org.testng.TestRunner.privateRun(TestRunner.java:806)
at org.testng.TestRunner.run(TestRunner.java:601)
at org.testng.SuiteRunner.runTest(SuiteRunner.java:433)
at org.testng.SuiteRunner.runSequentially(SuiteRunner.java:427)
at org.testng.SuiteRunner.privateRun(SuiteRunner.java:387)
at org.testng.SuiteRunner.run(SuiteRunner.java:330)
at org.testng.SuiteRunnerWorker.runSuite(SuiteRunnerWorker.java:52)
at org.testng.SuiteRunnerWorker.run(SuiteRunnerWorker.java:95)
at org.testng.TestNG.runSuitesSequentially(TestNG.java:1256)
at org.testng.TestNG.runSuitesLocally(TestNG.java:1176)
at org.testng.TestNG.runSuites(TestNG.java:1099)
at org.testng.TestNG.run(TestNG.java:1067)
at org.testng.remote.AbstractRemoteTestNG.run(AbstractRemoteTestNG.java:115)
at org.testng.remote.RemoteTestNG.initAndRun(RemoteTestNG.java:251)
at org.testng.remote.RemoteTestNG.main(RemoteTestNG.java:77)
Caused by: com.microsoft.playwright.impl.DriverException: Error {
  message='Unexpected token "=" while parsing selector "input text=Need help logging in?"
  name='Error
  stack='Error: Unexpected token "=" while parsing selector "input text=Need help logging in?"
    at unexpected (/private/var/folders/70/x874lf6n7cx_4tkvkkcwsmhh0000gr/T/playwright-java-6689739924242145664/package/lib/server/isomorphic/cssParser.js:62:12)
    at consumeSimpleSelector (/private/var/folders/70/x874lf6n7cx_4tkvkkcwsmhh0000gr/T/playwright-java-6689739924242145664/package/lib/server/isomorphic/cssParser.js:196:15)
    at consumeComplexSelector (/private/var/folders/70/x874lf6n7cx_4tkvkkcwsmhh0000gr/T/playwright-java-6689739924242145664/package/lib/server/isomorphic/cssParser.js:142:19)
    at consumeArgument (/private/var/folders/70/x874lf6n7cx_4tkvkkcwsmhh0000gr/T/playwright-java-6689739924242145664/package/lib/server/isomorphic/cssParser.js:108:12)
    at consumeFunctionArguments (/private/var/folders/70/x874lf6n7cx_4tkvkkcwsmhh0000gr/T/playwright-java-6689739924242145664/package/lib/server/isomorphic/cssParser.js:95:21)
    at parseCSS (/private/var/folders/70/x874lf6n7cx_4tkvkkcwsmhh0000gr/T/playwright-java-6689739924242145664/package/lib/server/isomorphic/cssParser.js:210:18)
    at /private/var/folders/70/x874lf6n7cx_4tkvkkcwsmhh0000gr/T/playwright-java-6689739924242145664/package/lib/server/isomorphic/selectorParser.js:50:49
    at Array.map (<anonymous>)
    at parseSelector (/private/var/folders/70/x874lf6n7cx_4tkvkkcwsmhh0000gr/T/playwright-java-6689739924242145664/package/lib/server/isomorphic/selectorParser.js:47:30)
    at splitSelectorByFrame (/private/var/folders/70/x874lf6n7cx_4tkvkkcwsmhh0000gr/T/playwright-java-6689739924242145664/package/lib/server/isomorphic/selectorParser.js:94:20)
}
at com.microsoft.playwright.impl.Connection.dispatch(Connection.java:201)
at com.microsoft.playwright.impl.Connection.processOneMessage(Connection.java:181)
at com.microsoft.playwright.impl.ChannelOwner.runUntil(ChannelOwner.java:109)
... 39 more
]]>
    </error>
  </testcase> <!-- ValidateHomePageElements -->
  <system-out/>
</testsuite> <!-- qa.BDO_Web_Test.HomePage -->
